<?xml version="1.0" encoding="UTF-8"?>
<!-- Generated by org.testng.reporters.JUnitXMLReporter -->
<testsuite ignored="0" hostname="DESKTOP-ER2N3OM" failures="0" tests="10" name="chormeTest" time="84.018" errors="0" timestamp="2026-01-05T11:12:37 EST">
  <testcase classname="testCases.TC04_AddToWishList" name="testAddToWishList" time="7.13"/>
  <testcase classname="testCases.TC01_LaunchApplication" name="testLaunchApplication" time="0.048"/>
  <testcase classname="testCases.TC03_AddToCart" name="testAddToCart" time="9.3"/>
  <testcase classname="testCases.TC06_AddAffiliate" name="testAffiliateFormSubmit" time="4.536"/>
  <testcase classname="testCases.TC05_CompletePurchase" name="testCompletePurchase" time="12.871"/>
  <testcase classname="testCases.TC02_Login" name="testLogin" time="2.64"/>
  <testcase classname="testCases.TC02_Login" name="testLogin" time="1.23"/>
  <testcase classname="testCases.TC02_Login" name="testLogin" time="1.217"/>
  <testcase classname="testCases.TC02_Login" name="testLogin" time="1.95"/>
  <testcase classname="testCases.TC02_Login" name="testLogin" time="1.461"/>
</testsuite> <!-- chormeTest -->
