<?xml version="1.0" encoding="UTF-8"?>
<!-- Generated by org.testng.reporters.JUnitXMLReporter -->
<testsuite ignored="0" hostname="DESKTOP-ER2N3OM" failures="0" tests="10" name="edgeTest" time="89.815" errors="0" timestamp="2026-01-05T11:12:41 EST">
  <testcase classname="testCases.TC04_AddToWishList" name="testAddToWishList" time="6.567"/>
  <testcase classname="testCases.TC01_LaunchApplication" name="testLaunchApplication" time="0.036"/>
  <testcase classname="testCases.TC03_AddToCart" name="testAddToCart" time="8.569"/>
  <testcase classname="testCases.TC06_AddAffiliate" name="testAffiliateFormSubmit" time="5.19"/>
  <testcase classname="testCases.TC05_CompletePurchase" name="testCompletePurchase" time="13.295"/>
  <testcase classname="testCases.TC02_Login" name="testLogin" time="1.919"/>
  <testcase classname="testCases.TC02_Login" name="testLogin" time="1.941"/>
  <testcase classname="testCases.TC02_Login" name="testLogin" time="1.515"/>
  <testcase classname="testCases.TC02_Login" name="testLogin" time="1.298"/>
  <testcase classname="testCases.TC02_Login" name="testLogin" time="1.294"/>
</testsuite> <!-- edgeTest -->
