<?xml version="1.0" encoding="UTF-8"?>
<!-- Generated by org.testng.reporters.JUnitXMLReporter -->
<testsuite ignored="0" hostname="DESKTOP-ER2N3OM" failures="2" tests="14" name="firefoxTest" time="184.666" errors="0" timestamp="2026-01-05T11:14:16 EST">
  <testcase classname="testCases.TC04_AddToWishList" name="testAddToWishList" time="4.996"/>
  <testcase classname="testCases.TC01_LaunchApplication" name="testLaunchApplication" time="0.006"/>
  <testcase classname="testCases.TC03_AddToCart" name="testAddToCart" time="17.013">
    <skipped/>
  </testcase> <!-- testAddToCart -->
  <testcase classname="testCases.TC03_AddToCart" name="testAddToCart" time="16.647">
    <skipped/>
  </testcase> <!-- testAddToCart -->
  <testcase classname="testCases.TC03_AddToCart" name="testAddToCart" time="16.661">
    <failure type="java.lang.AssertionError" message="Test failed due to unexpected exception">
      <![CDATA[java.lang.AssertionError: Test failed due to unexpected exception
at testCases.TC03_AddToCart.testAddToCart(TC03_AddToCart.java:63)
at java.base/java.util.ArrayList.forEach(ArrayList.java:1596)
at java.base/java.util.concurrent.FutureTask.run(FutureTask.java:317)
at java.base/java.util.concurrent.ThreadPoolExecutor.runWorker(ThreadPoolExecutor.java:1144)
at java.base/java.util.concurrent.ThreadPoolExecutor$Worker.run(ThreadPoolExecutor.java:642)
at java.base/java.lang.Thread.run(Thread.java:1583)
... Removed 16 stack frames]]>
    </failure>
  </testcase> <!-- testAddToCart -->
  <testcase classname="testCases.TC06_AddAffiliate" name="testAffiliateFormSubmit" time="3.107"/>
  <testcase classname="testCases.TC05_CompletePurchase" name="testCompletePurchase" time="16.698">
    <skipped/>
  </testcase> <!-- testCompletePurchase -->
  <testcase classname="testCases.TC05_CompletePurchase" name="testCompletePurchase" time="16.23">
    <skipped/>
  </testcase> <!-- testCompletePurchase -->
  <testcase classname="testCases.TC05_CompletePurchase" name="testCompletePurchase" time="16.302">
    <failure type="java.lang.AssertionError" message="Test failed due to unexpected exception">
      <![CDATA[java.lang.AssertionError: Test failed due to unexpected exception
at testCases.TC05_CompletePurchase.testCompletePurchase(TC05_CompletePurchase.java:86)
at java.base/java.util.ArrayList.forEach(ArrayList.java:1596)
at java.base/java.util.concurrent.FutureTask.run(FutureTask.java:317)
at java.base/java.util.concurrent.ThreadPoolExecutor.runWorker(ThreadPoolExecutor.java:1144)
at java.base/java.util.concurrent.ThreadPoolExecutor$Worker.run(ThreadPoolExecutor.java:642)
at java.base/java.lang.Thread.run(Thread.java:1583)
... Removed 16 stack frames]]>
    </failure>
  </testcase> <!-- testCompletePurchase -->
  <testcase classname="testCases.TC02_Login" name="testLogin" time="1.145"/>
  <testcase classname="testCases.TC02_Login" name="testLogin" time="0.985"/>
  <testcase classname="testCases.TC02_Login" name="testLogin" time="0.995"/>
  <testcase classname="testCases.TC02_Login" name="testLogin" time="1.009"/>
  <testcase classname="testCases.TC02_Login" name="testLogin" time="0.973"/>
</testsuite> <!-- firefoxTest -->
