<?xml version="1.0" encoding="UTF-8"?>
<!-- Generated by org.testng.reporters.JUnitXMLReporter -->
<testsuite ignored="0" hostname="DESKTOP-ER2N3OM" failures="0" tests="10" name="Test" time="59.537" errors="0" timestamp="2025-12-30T11:45:39 EST">
  <testcase classname="testCases.TC04_AddToWishList" name="testAddToWishList" time="4.111"/>
  <testcase classname="testCases.TC01_LaunchApplication" name="testLaunchApplication" time="0.045"/>
  <testcase classname="testCases.TC03_AddToCart" name="testAddToCart" time="5.282"/>
  <testcase classname="testCases.TC06_AddAffiliate" name="testAffiliateFormSubmit" time="3.682"/>
  <testcase classname="testCases.TC05_CompletePurchase" name="testCompletePurchase" time="9.491"/>
  <testcase classname="testCases.TC02_Login" name="testLogin" time="1.594"/>
  <testcase classname="testCases.TC02_Login" name="testLogin" time="1.322"/>
  <testcase classname="testCases.TC02_Login" name="testLogin" time="1.317"/>
  <testcase classname="testCases.TC02_Login" name="testLogin" time="1.22"/>
  <testcase classname="testCases.TC02_Login" name="testLogin" time="1.149"/>
</testsuite> <!-- Test -->
