<?xml version="1.0" encoding="UTF-8"?>
<!-- Generated by org.testng.reporters.JUnitXMLReporter -->
<testsuite ignored="0" hostname="DESKTOP-ER2N3OM" failures="0" tests="10" name="chormeTest" time="95.821" errors="0" timestamp="2026-01-06T00:53:26 EST">
  <testcase classname="testCases.TC04_AddToWishList" name="testAddToWishList" time="7.931"/>
  <testcase classname="testCases.TC01_LaunchApplication" name="testLaunchApplication" time="0.05"/>
  <testcase classname="testCases.TC03_AddToCart" name="testAddToCart" time="9.765"/>
  <testcase classname="testCases.TC06_AddAffiliate" name="testAffiliateFormSubmit" time="5.232"/>
  <testcase classname="testCases.TC05_CompletePurchase" name="testCompletePurchase" time="12.472"/>
  <testcase classname="testCases.TC02_Login" name="testLogin" time="3.295"/>
  <testcase classname="testCases.TC02_Login" name="testLogin" time="1.383"/>
  <testcase classname="testCases.TC02_Login" name="testLogin" time="1.586"/>
  <testcase classname="testCases.TC02_Login" name="testLogin" time="2.84"/>
  <testcase classname="testCases.TC02_Login" name="testLogin" time="1.775"/>
</testsuite> <!-- chormeTest -->
