<?xml version="1.0" encoding="UTF-8"?>
<!-- Generated by org.testng.reporters.JUnitXMLReporter -->
<testsuite ignored="0" hostname="DESKTOP-ER2N3OM" failures="0" tests="10" name="edgeTest" time="100.582" errors="0" timestamp="2026-01-06T00:53:30 EST">
  <testcase classname="testCases.TC04_AddToWishList" name="testAddToWishList" time="7.93"/>
  <testcase classname="testCases.TC01_LaunchApplication" name="testLaunchApplication" time="0.061"/>
  <testcase classname="testCases.TC03_AddToCart" name="testAddToCart" time="9.518"/>
  <testcase classname="testCases.TC06_AddAffiliate" name="testAffiliateFormSubmit" time="4.841"/>
  <testcase classname="testCases.TC05_CompletePurchase" name="testCompletePurchase" time="13.292"/>
  <testcase classname="testCases.TC02_Login" name="testLogin" time="2.487"/>
  <testcase classname="testCases.TC02_Login" name="testLogin" time="1.631"/>
  <testcase classname="testCases.TC02_Login" name="testLogin" time="1.758"/>
  <testcase classname="testCases.TC02_Login" name="testLogin" time="1.521"/>
  <testcase classname="testCases.TC02_Login" name="testLogin" time="1.26"/>
</testsuite> <!-- edgeTest -->
