<?xml version="1.0" encoding="UTF-8"?>
<!-- Generated by org.testng.reporters.JUnitXMLReporter -->
<testsuite ignored="0" hostname="DESKTOP-ER2N3OM" failures="2" tests="14" name="firefoxTest" time="193.562" errors="0" timestamp="2026-01-06T00:55:03 EST">
  <testcase classname="testCases.TC04_AddToWishList" name="testAddToWishList" time="7.806"/>
  <testcase classname="testCases.TC01_LaunchApplication" name="testLaunchApplication" time="0.006"/>
  <testcase classname="testCases.TC03_AddToCart" name="testAddToCart" time="17.97">
    <skipped/>
  </testcase> <!-- testAddToCart -->
  <testcase classname="testCases.TC03_AddToCart" name="testAddToCart" time="16.462">
    <skipped/>
  </testcase> <!-- testAddToCart -->
  <testcase classname="testCases.TC03_AddToCart" name="testAddToCart" time="17.129">
    <failure type="java.lang.AssertionError" message="Test failed due to unexpected exception">
      <![CDATA[java.lang.AssertionError: Test failed due to unexpected exception
at testCases.TC03_AddToCart.testAddToCart(TC03_AddToCart.java:63)
at java.base/java.util.ArrayList.forEach(ArrayList.java:1604)
at java.base/java.util.concurrent.FutureTask.run(FutureTask.java:328)
at java.base/java.util.concurrent.ThreadPoolExecutor.runWorker(ThreadPoolExecutor.java:1090)
at java.base/java.util.concurrent.ThreadPoolExecutor$Worker.run(ThreadPoolExecutor.java:614)
at java.base/java.lang.Thread.run(Thread.java:1474)
... Removed 16 stack frames]]>
    </failure>
  </testcase> <!-- testAddToCart -->
  <testcase classname="testCases.TC06_AddAffiliate" name="testAffiliateFormSubmit" time="3.485"/>
  <testcase classname="testCases.TC05_CompletePurchase" name="testCompletePurchase" time="16.724">
    <skipped/>
  </testcase> <!-- testCompletePurchase -->
  <testcase classname="testCases.TC05_CompletePurchase" name="testCompletePurchase" time="13.617">
    <skipped/>
  </testcase> <!-- testCompletePurchase -->
  <testcase classname="testCases.TC05_CompletePurchase" name="testCompletePurchase" time="19.498">
    <failure type="java.lang.AssertionError" message="Test failed due to unexpected exception">
      <![CDATA[java.lang.AssertionError: Test failed due to unexpected exception
at testCases.TC05_CompletePurchase.testCompletePurchase(TC05_CompletePurchase.java:86)
at java.base/java.util.ArrayList.forEach(ArrayList.java:1604)
at java.base/java.util.concurrent.FutureTask.run(FutureTask.java:328)
at java.base/java.util.concurrent.ThreadPoolExecutor.runWorker(ThreadPoolExecutor.java:1090)
at java.base/java.util.concurrent.ThreadPoolExecutor$Worker.run(ThreadPoolExecutor.java:614)
at java.base/java.lang.Thread.run(Thread.java:1474)
... Removed 16 stack frames]]>
    </failure>
  </testcase> <!-- testCompletePurchase -->
  <testcase classname="testCases.TC02_Login" name="testLogin" time="1.103"/>
  <testcase classname="testCases.TC02_Login" name="testLogin" time="1.03"/>
  <testcase classname="testCases.TC02_Login" name="testLogin" time="1.079"/>
  <testcase classname="testCases.TC02_Login" name="testLogin" time="1.186"/>
  <testcase classname="testCases.TC02_Login" name="testLogin" time="1.031"/>
</testsuite> <!-- firefoxTest -->
