<?xml version="1.0" encoding="UTF-8"?>
<testsuite xmlns:xsi="http://www.w3.org/2001/XMLSchema-instance" xsi:noNamespaceSchemaLocation="https://maven.apache.org/surefire/maven-surefire-plugin/xsd/surefire-test-report.xsd" version="3.0.2" name="TestSuite" time="195.182" tests="34" errors="0" skipped="4" failures="2">
  <properties>
[...]
</properties>
  <testcase name="testAddToWishList" classname="testCases.TC04_AddToWishList" time="4.251">
    <system-err><![CDATA[SLF4J(W): No SLF4J providers were found.
SLF4J(W): Defaulting to no-operation (NOP) logger implementation
SLF4J(W): See https://www.slf4j.org/codes.html#noProviders for further details.
SLF4J(W): Class path contains SLF4J bindings targeting slf4j-api versions 1.7.x or earlier.
SLF4J(W): Ignoring binding found at [jar:file:/C:/Users/santo/.m2/repository/org/apache/logging/log4j/log4j-slf4j-impl/2.25.3/log4j-slf4j-impl-2.25.3.jar!/org/slf4j/impl/StaticLoggerBinder.class]
SLF4J(W): See https://www.slf4j.org/codes.html#ignoredBindings for an explanation.
2026-01-06T05:51:49.087962100Z main INFO Starting configuration XmlConfiguration[location=C:\Users\santo\eclipse-workspace\Bootcamp-AI-Driven-Automation\NinjaV6\target\test-classes\log4j2.xml, lastModified=2026-01-02T16:06:41.307Z]...
2026-01-06T05:51:49.088959900Z main INFO Configuration XmlConfiguration[location=C:\Users\santo\eclipse-workspace\Bootcamp-AI-Driven-Automation\NinjaV6\target\test-classes\log4j2.xml, lastModified=2026-01-02T16:06:41.307Z] started.
2026-01-06T05:51:49.092948700Z main INFO Stopping configuration org.apache.logging.log4j.core.config.DefaultConfiguration@5d0a1059...
2026-01-06T05:51:49.093946300Z main INFO Configuration org.apache.logging.log4j.core.config.DefaultConfiguration@5d0a1059 stopped.
Jan 06, 2026 12:51:49 AM org.openqa.selenium.remote.tracing.opentelemetry.OpenTelemetryTracer createTracer
INFO: Using OpenTelemetry for tracing
]]></system-err>
  </testcase>
  <testcase name="testAddToWishList" classname="testCases.TC04_AddToWishList" time="4.469"/>
  <testcase name="testAddToWishList" classname="testCases.TC04_AddToWishList" time="7.816"/>
  <testcase name="testLaunchApplication" classname="testCases.TC01_LaunchApplication" time="0.048"/>
  <testcase name="testLaunchApplication" classname="testCases.TC01_LaunchApplication" time="0.062"/>
  <testcase name="testLaunchApplication" classname="testCases.TC01_LaunchApplication" time="0.007"/>
  <testcase name="testAddToCart" classname="testCases.TC03_AddToCart" time="4.262"/>
  <testcase name="testAddToCart" classname="testCases.TC03_AddToCart" time="5.876"/>
  <testcase name="testAddToCart" classname="testCases.TC03_AddToCart" time="0.0">
    <skipped message="Test failed due to unexpected exception"/>
  </testcase>
  <testcase name="testAddToCart" classname="testCases.TC03_AddToCart" time="0.0">
    <skipped message="Test failed due to unexpected exception"/>
  </testcase>
  <testcase name="testAddToCart" classname="testCases.TC03_AddToCart" time="8.203">
    <failure message="Test failed due to unexpected exception" type="java.lang.AssertionError"><![CDATA[java.lang.AssertionError: Test failed due to unexpected exception
	at org.testng.Assert.fail(Assert.java:111)
	at testCases.TC03_AddToCart.testAddToCart(TC03_AddToCart.java:63)
	at java.base/jdk.internal.reflect.DirectMethodHandleAccessor.invoke(DirectMethodHandleAccessor.java:104)
	at java.base/java.lang.reflect.Method.invoke(Method.java:565)
	at org.testng.internal.invokers.MethodInvocationHelper.invokeMethod(MethodInvocationHelper.java:141)
	at org.testng.internal.invokers.TestInvoker.invokeMethod(TestInvoker.java:687)
	at org.testng.internal.invokers.TestInvoker.retryFailed(TestInvoker.java:269)
	at org.testng.internal.invokers.MethodRunner.runInSequence(MethodRunner.java:76)
	at org.testng.internal.invokers.TestInvoker$MethodInvocationAgent.invoke(TestInvoker.java:995)
	at org.testng.internal.invokers.TestInvoker.invokeTestMethods(TestInvoker.java:203)
	at org.testng.internal.invokers.TestMethodWorker.invokeTestMethods(TestMethodWorker.java:154)
	at org.testng.internal.invokers.TestMethodWorker.run(TestMethodWorker.java:134)
	at java.base/java.util.ArrayList.forEach(ArrayList.java:1604)
	at org.testng.TestRunner.privateRun(TestRunner.java:741)
	at org.testng.TestRunner.run(TestRunner.java:616)
	at org.testng.SuiteRunner.runTest(SuiteRunner.java:421)
	at org.testng.SuiteRunner$SuiteWorker.run(SuiteRunner.java:463)
	at org.testng.internal.thread.ThreadUtil.lambda$execute$0(ThreadUtil.java:64)
	at java.base/java.util.concurrent.FutureTask.run(FutureTask.java:328)
	at java.base/java.util.concurrent.ThreadPoolExecutor.runWorker(ThreadPoolExecutor.java:1090)
	at java.base/java.util.concurrent.ThreadPoolExecutor$Worker.run(ThreadPoolExecutor.java:614)
	at java.base/java.lang.Thread.run(Thread.java:1474)
]]></failure>
  </testcase>
  <testcase name="testAffiliateFormSubmit" classname="testCases.TC06_AddAffiliate" time="0.666"/>
  <testcase name="testAffiliateFormSubmit" classname="testCases.TC06_AddAffiliate" time="4.84"/>
  <testcase name="testAffiliateFormSubmit" classname="testCases.TC06_AddAffiliate" time="3.485"/>
  <testcase name="testCompletePurchase" classname="testCases.TC05_CompletePurchase" time="2.905"/>
  <testcase name="testCompletePurchase" classname="testCases.TC05_CompletePurchase" time="8.916"/>
  <testcase name="testCompletePurchase" classname="testCases.TC05_CompletePurchase" time="0.0">
    <skipped message="Test failed due to unexpected exception"/>
  </testcase>
  <testcase name="testCompletePurchase" classname="testCases.TC05_CompletePurchase" time="0.0">
    <skipped message="Test failed due to unexpected exception"/>
  </testcase>
  <testcase name="testCompletePurchase" classname="testCases.TC05_CompletePurchase" time="19.546">
    <failure message="Test failed due to unexpected exception" type="java.lang.AssertionError"><![CDATA[java.lang.AssertionError: Test failed due to unexpected exception
	at org.testng.Assert.fail(Assert.java:111)
	at testCases.TC05_CompletePurchase.testCompletePurchase(TC05_CompletePurchase.java:86)
	at java.base/jdk.internal.reflect.DirectMethodHandleAccessor.invoke(DirectMethodHandleAccessor.java:104)
	at java.base/java.lang.reflect.Method.invoke(Method.java:565)
	at org.testng.internal.invokers.MethodInvocationHelper.invokeMethod(MethodInvocationHelper.java:141)
	at org.testng.internal.invokers.TestInvoker.invokeMethod(TestInvoker.java:687)
	at org.testng.internal.invokers.TestInvoker.retryFailed(TestInvoker.java:269)
	at org.testng.internal.invokers.MethodRunner.runInSequence(MethodRunner.java:76)
	at org.testng.internal.invokers.TestInvoker$MethodInvocationAgent.invoke(TestInvoker.java:995)
	at org.testng.internal.invokers.TestInvoker.invokeTestMethods(TestInvoker.java:203)
	at org.testng.internal.invokers.TestMethodWorker.invokeTestMethods(TestMethodWorker.java:154)
	at org.testng.internal.invokers.TestMethodWorker.run(TestMethodWorker.java:134)
	at java.base/java.util.ArrayList.forEach(ArrayList.java:1604)
	at org.testng.TestRunner.privateRun(TestRunner.java:741)
	at org.testng.TestRunner.run(TestRunner.java:616)
	at org.testng.SuiteRunner.runTest(SuiteRunner.java:421)
	at org.testng.SuiteRunner$SuiteWorker.run(SuiteRunner.java:463)
	at org.testng.internal.thread.ThreadUtil.lambda$execute$0(ThreadUtil.java:64)
	at java.base/java.util.concurrent.FutureTask.run(FutureTask.java:328)
	at java.base/java.util.concurrent.ThreadPoolExecutor.runWorker(ThreadPoolExecutor.java:1090)
	at java.base/java.util.concurrent.ThreadPoolExecutor$Worker.run(ThreadPoolExecutor.java:614)
	at java.base/java.lang.Thread.run(Thread.java:1474)
]]></failure>
  </testcase>
  <testcase name="testLogin[smitasharma.qa@gmail.com, ss*QA123](1)" classname="testCases.TC02_Login" time="3.295"/>
  <testcase name="testLogin[smitasharma.qa@gmail.com, ss*QA123](1)" classname="testCases.TC02_Login" time="0.763"/>
  <testcase name="testLogin[smitasharma.qa@gmail.com, ss*QA123](1)" classname="testCases.TC02_Login" time="1.103"/>
  <testcase name="testLogin[nona@yahoo.com, QWER!@#$](2)" classname="testCases.TC02_Login" time="1.384"/>
  <testcase name="testLogin[nona@yahoo.com, QWER!@#$](2)" classname="testCases.TC02_Login" time="1.632"/>
  <testcase name="testLogin[nona@yahoo.com, QWER!@#$](2)" classname="testCases.TC02_Login" time="1.03"/>
  <testcase name="testLogin[sid@cloudberry.services, Test123](3)" classname="testCases.TC02_Login" time="0.465"/>
  <testcase name="testLogin[sid@cloudberry.services, Test123](3)" classname="testCases.TC02_Login" time="1.76"/>
  <testcase name="testLogin[sid@cloudberry.services, Test123](3)" classname="testCases.TC02_Login" time="1.08"/>
  <testcase name="testLogin[apushedwoman@gmail.com, password123](4)" classname="testCases.TC02_Login" time="1.724"/>
  <testcase name="testLogin[apushedwoman@gmail.com, password123](4)" classname="testCases.TC02_Login" time="1.521"/>
  <testcase name="testLogin[apushedwoman@gmail.com, password123](4)" classname="testCases.TC02_Login" time="1.187"/>
  <testcase name="testLogin[hichamkhachiai@gmail.com, hicham123](5)" classname="testCases.TC02_Login" time="1.009"/>
  <testcase name="testLogin[hichamkhachiai@gmail.com, hicham123](5)" classname="testCases.TC02_Login" time="1.261"/>
  <testcase name="testLogin[hichamkhachiai@gmail.com, hicham123](5)" classname="testCases.TC02_Login" time="1.031"/>
</testsuite>