<?xml version="1.0" encoding="UTF-8"?>
<!-- Generated by org.testng.reporters.JUnitReportReporter -->
<testsuite hostname="DESKTOP-ER2N3OM" failures="0" tests="3" name="testCases.TC06_AddAffiliate" time="12.833" errors="0" timestamp="2026-01-05T11:14:17 EST" skipped="0">
  <testcase classname="testCases.TC06_AddAffiliate" name="testAffiliateFormSubmit" time="4.536"/>
  <testcase classname="testCases.TC06_AddAffiliate" name="testAffiliateFormSubmit" time="5.190"/>
  <testcase classname="testCases.TC06_AddAffiliate" name="testAffiliateFormSubmit" time="3.107"/>
</testsuite> <!-- testCases.TC06_AddAffiliate -->
