<?xml version="1.0" encoding="UTF-8"?>
<!-- Generated by org.testng.reporters.JUnitReportReporter -->
<testsuite hostname="DESKTOP-ER2N3OM" failures="0" tests="15" name="testCases.TC02_Login" time="21.572" errors="0" timestamp="2026-01-05T11:14:17 EST" skipped="0">
  <testcase classname="testCases.TC02_Login" name="testLogin" time="1.919"/>
  <testcase classname="testCases.TC02_Login" name="testLogin" time="0.995"/>
  <testcase classname="testCases.TC02_Login" name="testLogin" time="1.009"/>
  <testcase classname="testCases.TC02_Login" name="testLogin" time="0.985"/>
  <testcase classname="testCases.TC02_Login" name="testLogin" time="1.145"/>
  <testcase classname="testCases.TC02_Login" name="testLogin" time="1.217"/>
  <testcase classname="testCases.TC02_Login" name="testLogin" time="1.941"/>
  <testcase classname="testCases.TC02_Login" name="testLogin" time="0.973"/>
  <testcase classname="testCases.TC02_Login" name="testLogin" time="1.230"/>
  <testcase classname="testCases.TC02_Login" name="testLogin" time="1.515"/>
  <testcase classname="testCases.TC02_Login" name="testLogin" time="1.298"/>
  <testcase classname="testCases.TC02_Login" name="testLogin" time="1.294"/>
  <testcase classname="testCases.TC02_Login" name="testLogin" time="2.640"/>
  <testcase classname="testCases.TC02_Login" name="testLogin" time="1.950"/>
  <testcase classname="testCases.TC02_Login" name="testLogin" time="1.461"/>
</testsuite> <!-- testCases.TC02_Login -->
