<?xml version="1.0" encoding="UTF-8"?>
<!-- Generated by org.testng.reporters.JUnitReportReporter -->
<testsuite hostname="DESKTOP-ER2N3OM" failures="0" tests="3" name="testCases.TC04_AddToWishList" time="18.693" errors="0" timestamp="2026-01-05T11:14:17 EST" skipped="0">
  <testcase classname="testCases.TC04_AddToWishList" name="testAddToWishList" time="6.567"/>
  <testcase classname="testCases.TC04_AddToWishList" name="testAddToWishList" time="4.996"/>
  <testcase classname="testCases.TC04_AddToWishList" name="testAddToWishList" time="7.130"/>
</testsuite> <!-- testCases.TC04_AddToWishList -->
