<?xml version="1.0" encoding="UTF-8"?>
<!-- Generated by org.testng.reporters.JUnitReportReporter -->
<testsuite hostname="DESKTOP-ER2N3OM" failures="0" tests="3" name="testCases.TC01_LaunchApplication" time="0.117" errors="0" timestamp="2026-01-06T00:55:03 EST" skipped="0">
  <testcase classname="testCases.TC01_LaunchApplication" name="testLaunchApplication" time="0.050"/>
  <testcase classname="testCases.TC01_LaunchApplication" name="testLaunchApplication" time="0.006"/>
  <testcase classname="testCases.TC01_LaunchApplication" name="testLaunchApplication" time="0.061"/>
</testsuite> <!-- testCases.TC01_LaunchApplication -->
