<?xml version="1.0" encoding="UTF-8"?>
<!-- Generated by org.testng.reporters.JUnitReportReporter -->
<testsuite hostname="DESKTOP-ER2N3OM" failures="0" tests="3" name="testCases.TC04_AddToWishList" time="23.667" errors="0" timestamp="2026-01-06T00:55:03 EST" skipped="0">
  <testcase classname="testCases.TC04_AddToWishList" name="testAddToWishList" time="7.931"/>
  <testcase classname="testCases.TC04_AddToWishList" name="testAddToWishList" time="7.930"/>
  <testcase classname="testCases.TC04_AddToWishList" name="testAddToWishList" time="7.806"/>
</testsuite> <!-- testCases.TC04_AddToWishList -->
