<?xml version="1.0" encoding="UTF-8"?>
<!-- Generated by org.testng.reporters.JUnitReportReporter -->
<testsuite hostname="DESKTOP-ER2N3OM" failures="0" tests="15" name="testCases.TC02_Login" time="24.965" errors="0" timestamp="2026-01-06T00:55:03 EST" skipped="0">
  <testcase classname="testCases.TC02_Login" name="testLogin" time="1.030"/>
  <testcase classname="testCases.TC02_Login" name="testLogin" time="1.031"/>
  <testcase classname="testCases.TC02_Login" name="testLogin" time="1.758"/>
  <testcase classname="testCases.TC02_Login" name="testLogin" time="3.295"/>
  <testcase classname="testCases.TC02_Login" name="testLogin" time="1.586"/>
  <testcase classname="testCases.TC02_Login" name="testLogin" time="1.521"/>
  <testcase classname="testCases.TC02_Login" name="testLogin" time="1.079"/>
  <testcase classname="testCases.TC02_Login" name="testLogin" time="2.487"/>
  <testcase classname="testCases.TC02_Login" name="testLogin" time="1.383"/>
  <testcase classname="testCases.TC02_Login" name="testLogin" time="1.186"/>
  <testcase classname="testCases.TC02_Login" name="testLogin" time="2.840"/>
  <testcase classname="testCases.TC02_Login" name="testLogin" time="1.775"/>
  <testcase classname="testCases.TC02_Login" name="testLogin" time="1.631"/>
  <testcase classname="testCases.TC02_Login" name="testLogin" time="1.260"/>
  <testcase classname="testCases.TC02_Login" name="testLogin" time="1.103"/>
</testsuite> <!-- testCases.TC02_Login -->
