<?xml version="1.0" encoding="UTF-8"?>
<!-- Generated by org.testng.reporters.JUnitReportReporter -->
<testsuite hostname="DESKTOP-ER2N3OM" failures="0" tests="3" name="testCases.TC06_AddAffiliate" time="13.558" errors="0" timestamp="2026-01-06T00:55:03 EST" skipped="0">
  <testcase classname="testCases.TC06_AddAffiliate" name="testAffiliateFormSubmit" time="5.232"/>
  <testcase classname="testCases.TC06_AddAffiliate" name="testAffiliateFormSubmit" time="4.841"/>
  <testcase classname="testCases.TC06_AddAffiliate" name="testAffiliateFormSubmit" time="3.485"/>
</testsuite> <!-- testCases.TC06_AddAffiliate -->
